Compiling the C compiler identification source file "CMakeCCompilerId.c" failed.
Compiler: /mnt/c/msys64/mingw64/bin/gcc.exe 
Build flags: 
Id flags:  

The output was:
255
<3>init: (31564) ERROR: UtilConnectUnix:467: connect failed 111


Compiling the C compiler identification source file "CMakeCCompilerId.c" failed.
Compiler: /mnt/c/msys64/mingw64/bin/gcc.exe 
Build flags: 
Id flags: -c 

The output was:
255
<3>init: (31565) ERROR: UtilConnectUnix:467: connect failed 111


Compiling the C compiler identification source file "CMakeCCompilerId.c" failed.
Compiler: /mnt/c/msys64/mingw64/bin/gcc.exe 
Build flags: 
Id flags: -Aa 

The output was:
255
<3>init: (31566) ERROR: UtilConnectUnix:467: connect failed 111


Compiling the C compiler identification source file "CMakeCCompilerId.c" failed.
Compiler: /mnt/c/msys64/mingw64/bin/gcc.exe 
Build flags: 
Id flags: -D__CLASSIC_C__ 

The output was:
255
<3>init: (31567) ERROR: UtilConnectUnix:467: connect failed 111


Compiling the C compiler identification source file "CMakeCCompilerId.c" failed.
Compiler: /mnt/c/msys64/mingw64/bin/gcc.exe 
Build flags: 
Id flags: --target=arm-arm-none-eabi;-mcpu=cortex-m3 

The output was:
255
<3>init: (31568) ERROR: UtilConnectUnix:467: connect failed 111


Compiling the C compiler identification source file "CMakeCCompilerId.c" failed.
Compiler: /mnt/c/msys64/mingw64/bin/gcc.exe 
Build flags: 
Id flags: -c;-I__does_not_exist__ 

The output was:
255
<3>init: (31569) ERROR: UtilConnectUnix:467: connect failed 111


Compiling the C compiler identification source file "CMakeCCompilerId.c" failed.
Compiler: /mnt/c/msys64/mingw64/bin/gcc.exe 
Build flags: 
Id flags:  

The output was:
255
<3>init: (31570) ERROR: UtilConnectUnix:467: connect failed 111


Compiling the C compiler identification source file "CMakeCCompilerId.c" failed.
Compiler: /mnt/c/msys64/mingw64/bin/gcc.exe 
Build flags: 
Id flags: -c 

The output was:
255
<3>init: (31571) ERROR: UtilConnectUnix:467: connect failed 111


Compiling the C compiler identification source file "CMakeCCompilerId.c" failed.
Compiler: /mnt/c/msys64/mingw64/bin/gcc.exe 
Build flags: 
Id flags: -Aa 

The output was:
255
<3>init: (31572) ERROR: UtilConnectUnix:467: connect failed 111


Compiling the C compiler identification source file "CMakeCCompilerId.c" failed.
Compiler: /mnt/c/msys64/mingw64/bin/gcc.exe 
Build flags: 
Id flags: -D__CLASSIC_C__ 

The output was:
255
<3>init: (31573) ERROR: UtilConnectUnix:467: connect failed 111


Compiling the C compiler identification source file "CMakeCCompilerId.c" failed.
Compiler: /mnt/c/msys64/mingw64/bin/gcc.exe 
Build flags: 
Id flags: --target=arm-arm-none-eabi;-mcpu=cortex-m3 

The output was:
255
<3>init: (31574) ERROR: UtilConnectUnix:467: connect failed 111


Compiling the C compiler identification source file "CMakeCCompilerId.c" failed.
Compiler: /mnt/c/msys64/mingw64/bin/gcc.exe 
Build flags: 
Id flags: -c;-I__does_not_exist__ 

The output was:
255
<3>init: (31575) ERROR: UtilConnectUnix:467: connect failed 111


Checking whether the C compiler is IAR using "" did not match "IAR .+ Compiler":
<3>init: (31577) ERROR: UtilConnectUnix:467: connect failed 111
Checking whether the C compiler is IAR using "" did not match "IAR .+ Compiler":
<3>init: (31578) ERROR: UtilConnectUnix:467: connect failed 111
Compiling the CXX compiler identification source file "CMakeCXXCompilerId.cpp" failed.
Compiler: /mnt/c/msys64/mingw64/bin/g++.exe 
Build flags: 
Id flags:  

The output was:
255
<3>init: (31584) ERROR: UtilConnectUnix:467: connect failed 111


Compiling the CXX compiler identification source file "CMakeCXXCompilerId.cpp" failed.
Compiler: /mnt/c/msys64/mingw64/bin/g++.exe 
Build flags: 
Id flags: -c 

The output was:
255
<3>init: (31585) ERROR: UtilConnectUnix:467: connect failed 111


Compiling the CXX compiler identification source file "CMakeCXXCompilerId.cpp" failed.
Compiler: /mnt/c/msys64/mingw64/bin/g++.exe 
Build flags: 
Id flags: --c++ 

The output was:
255
<3>init: (31586) ERROR: UtilConnectUnix:467: connect failed 111


Compiling the CXX compiler identification source file "CMakeCXXCompilerId.cpp" failed.
Compiler: /mnt/c/msys64/mingw64/bin/g++.exe 
Build flags: 
Id flags: --ec++ 

The output was:
255
<3>init: (31587) ERROR: UtilConnectUnix:467: connect failed 111


Compiling the CXX compiler identification source file "CMakeCXXCompilerId.cpp" failed.
Compiler: /mnt/c/msys64/mingw64/bin/g++.exe 
Build flags: 
Id flags: --target=arm-arm-none-eabi;-mcpu=cortex-m3 

The output was:
255
<3>init: (31588) ERROR: UtilConnectUnix:467: connect failed 111


Compiling the CXX compiler identification source file "CMakeCXXCompilerId.cpp" failed.
Compiler: /mnt/c/msys64/mingw64/bin/g++.exe 
Build flags: 
Id flags: -c;-I__does_not_exist__ 

The output was:
255
<3>init: (31589) ERROR: UtilConnectUnix:467: connect failed 111


Compiling the CXX compiler identification source file "CMakeCXXCompilerId.cpp" failed.
Compiler: /mnt/c/msys64/mingw64/bin/g++.exe 
Build flags: 
Id flags:  

The output was:
255
<3>init: (31590) ERROR: UtilConnectUnix:467: connect failed 111


Compiling the CXX compiler identification source file "CMakeCXXCompilerId.cpp" failed.
Compiler: /mnt/c/msys64/mingw64/bin/g++.exe 
Build flags: 
Id flags: -c 

The output was:
255
<3>init: (31591) ERROR: UtilConnectUnix:467: connect failed 111


Compiling the CXX compiler identification source file "CMakeCXXCompilerId.cpp" failed.
Compiler: /mnt/c/msys64/mingw64/bin/g++.exe 
Build flags: 
Id flags: --c++ 

The output was:
255
<3>init: (31592) ERROR: UtilConnectUnix:467: connect failed 111


Compiling the CXX compiler identification source file "CMakeCXXCompilerId.cpp" failed.
Compiler: /mnt/c/msys64/mingw64/bin/g++.exe 
Build flags: 
Id flags: --ec++ 

The output was:
255
<3>init: (31593) ERROR: UtilConnectUnix:467: connect failed 111


Compiling the CXX compiler identification source file "CMakeCXXCompilerId.cpp" failed.
Compiler: /mnt/c/msys64/mingw64/bin/g++.exe 
Build flags: 
Id flags: --target=arm-arm-none-eabi;-mcpu=cortex-m3 

The output was:
255
<3>init: (31594) ERROR: UtilConnectUnix:467: connect failed 111


Compiling the CXX compiler identification source file "CMakeCXXCompilerId.cpp" failed.
Compiler: /mnt/c/msys64/mingw64/bin/g++.exe 
Build flags: 
Id flags: -c;-I__does_not_exist__ 

The output was:
255
<3>init: (31595) ERROR: UtilConnectUnix:467: connect failed 111


Checking whether the CXX compiler is IAR using "" did not match "IAR .+ Compiler":
<3>init: (31596) ERROR: UtilConnectUnix:467: connect failed 111
Checking whether the CXX compiler is IAR using "" did not match "IAR .+ Compiler":
<3>init: (31597) ERROR: UtilConnectUnix:467: connect failed 111
Detecting C compiler ABI info failed to compile with the following output:
Change Dir: /home/roboff/COS214/COS214_War_Project/Project/COS214_WarProject/build/CMakeFiles/CMakeTmp

Run Build Command(s):/usr/bin/make -f Makefile cmTC_3b3dd/fast && /usr/bin/make  -f CMakeFiles/cmTC_3b3dd.dir/build.make CMakeFiles/cmTC_3b3dd.dir/build
make[1]: Entering directory '/home/roboff/COS214/COS214_War_Project/Project/COS214_WarProject/build/CMakeFiles/CMakeTmp'
Building C object CMakeFiles/cmTC_3b3dd.dir/CMakeCCompilerABI.c.o
/mnt/c/msys64/mingw64/bin/gcc.exe    -o CMakeFiles/cmTC_3b3dd.dir/CMakeCCompilerABI.c.o -c /usr/share/cmake-3.24/Modules/CMakeCCompilerABI.c
<3>init: (31604) ERROR: UtilConnectUnix:467: connect failed 111
make[1]: *** [CMakeFiles/cmTC_3b3dd.dir/build.make:78: CMakeFiles/cmTC_3b3dd.dir/CMakeCCompilerABI.c.o] Error 255
make[1]: Leaving directory '/home/roboff/COS214/COS214_War_Project/Project/COS214_WarProject/build/CMakeFiles/CMakeTmp'
make: *** [Makefile:127: cmTC_3b3dd/fast] Error 2




Determining if the C compiler works failed with the following output:
Change Dir: /home/roboff/COS214/COS214_War_Project/Project/COS214_WarProject/build/CMakeFiles/CMakeTmp

Run Build Command(s):/usr/bin/make -f Makefile cmTC_34d97/fast && /usr/bin/make  -f CMakeFiles/cmTC_34d97.dir/build.make CMakeFiles/cmTC_34d97.dir/build
make[1]: Entering directory '/home/roboff/COS214/COS214_War_Project/Project/COS214_WarProject/build/CMakeFiles/CMakeTmp'
Building C object CMakeFiles/cmTC_34d97.dir/testCCompiler.c.o
/mnt/c/msys64/mingw64/bin/gcc.exe    -o CMakeFiles/cmTC_34d97.dir/testCCompiler.c.o -c /home/roboff/COS214/COS214_War_Project/Project/COS214_WarProject/build/CMakeFiles/CMakeTmp/testCCompiler.c
<3>init: (31610) ERROR: UtilConnectUnix:467: connect failed 111
make[1]: *** [CMakeFiles/cmTC_34d97.dir/build.make:78: CMakeFiles/cmTC_34d97.dir/testCCompiler.c.o] Error 255
make[1]: Leaving directory '/home/roboff/COS214/COS214_War_Project/Project/COS214_WarProject/build/CMakeFiles/CMakeTmp'
make: *** [Makefile:127: cmTC_34d97/fast] Error 2



Compiling the C compiler identification source file "CMakeCCompilerId.c" failed.
Compiler: /mnt/c/msys64/mingw64/bin/gcc.exe 
Build flags: 
Id flags:  

The output was:
255
<3>init: (2997) ERROR: UtilConnectUnix:467: connect failed 111


Compiling the C compiler identification source file "CMakeCCompilerId.c" failed.
Compiler: /mnt/c/msys64/mingw64/bin/gcc.exe 
Build flags: 
Id flags: -c 

The output was:
255
<3>init: (2998) ERROR: UtilConnectUnix:467: connect failed 111


Compiling the C compiler identification source file "CMakeCCompilerId.c" failed.
Compiler: /mnt/c/msys64/mingw64/bin/gcc.exe 
Build flags: 
Id flags: -Aa 

The output was:
255
<3>init: (2999) ERROR: UtilConnectUnix:467: connect failed 111


Compiling the C compiler identification source file "CMakeCCompilerId.c" failed.
Compiler: /mnt/c/msys64/mingw64/bin/gcc.exe 
Build flags: 
Id flags: -D__CLASSIC_C__ 

The output was:
255
<3>init: (3000) ERROR: UtilConnectUnix:467: connect failed 111


Compiling the C compiler identification source file "CMakeCCompilerId.c" failed.
Compiler: /mnt/c/msys64/mingw64/bin/gcc.exe 
Build flags: 
Id flags: --target=arm-arm-none-eabi;-mcpu=cortex-m3 

The output was:
255
<3>init: (3001) ERROR: UtilConnectUnix:467: connect failed 111


Compiling the C compiler identification source file "CMakeCCompilerId.c" failed.
Compiler: /mnt/c/msys64/mingw64/bin/gcc.exe 
Build flags: 
Id flags: -c;-I__does_not_exist__ 

The output was:
255
<3>init: (3002) ERROR: UtilConnectUnix:467: connect failed 111


Compiling the C compiler identification source file "CMakeCCompilerId.c" failed.
Compiler: /mnt/c/msys64/mingw64/bin/gcc.exe 
Build flags: 
Id flags:  

The output was:
255
<3>init: (3003) ERROR: UtilConnectUnix:467: connect failed 111


Compiling the C compiler identification source file "CMakeCCompilerId.c" failed.
Compiler: /mnt/c/msys64/mingw64/bin/gcc.exe 
Build flags: 
Id flags: -c 

The output was:
255
<3>init: (3004) ERROR: UtilConnectUnix:467: connect failed 111


Compiling the C compiler identification source file "CMakeCCompilerId.c" failed.
Compiler: /mnt/c/msys64/mingw64/bin/gcc.exe 
Build flags: 
Id flags: -Aa 

The output was:
255
<3>init: (3005) ERROR: UtilConnectUnix:467: connect failed 111


Compiling the C compiler identification source file "CMakeCCompilerId.c" failed.
Compiler: /mnt/c/msys64/mingw64/bin/gcc.exe 
Build flags: 
Id flags: -D__CLASSIC_C__ 

The output was:
255
<3>init: (3006) ERROR: UtilConnectUnix:467: connect failed 111


Compiling the C compiler identification source file "CMakeCCompilerId.c" failed.
Compiler: /mnt/c/msys64/mingw64/bin/gcc.exe 
Build flags: 
Id flags: --target=arm-arm-none-eabi;-mcpu=cortex-m3 

The output was:
255
<3>init: (3007) ERROR: UtilConnectUnix:467: connect failed 111


Compiling the C compiler identification source file "CMakeCCompilerId.c" failed.
Compiler: /mnt/c/msys64/mingw64/bin/gcc.exe 
Build flags: 
Id flags: -c;-I__does_not_exist__ 

The output was:
255
<3>init: (3008) ERROR: UtilConnectUnix:467: connect failed 111


Checking whether the C compiler is IAR using "" did not match "IAR .+ Compiler":
<3>init: (3009) ERROR: UtilConnectUnix:467: connect failed 111
Checking whether the C compiler is IAR using "" did not match "IAR .+ Compiler":
<3>init: (3010) ERROR: UtilConnectUnix:467: connect failed 111
Compiling the CXX compiler identification source file "CMakeCXXCompilerId.cpp" failed.
Compiler: /mnt/c/msys64/mingw64/bin/g++.exe 
Build flags: 
Id flags:  

The output was:
255
<3>init: (3015) ERROR: UtilConnectUnix:467: connect failed 111


Compiling the CXX compiler identification source file "CMakeCXXCompilerId.cpp" failed.
Compiler: /mnt/c/msys64/mingw64/bin/g++.exe 
Build flags: 
Id flags: -c 

The output was:
255
<3>init: (3016) ERROR: UtilConnectUnix:467: connect failed 111


Compiling the CXX compiler identification source file "CMakeCXXCompilerId.cpp" failed.
Compiler: /mnt/c/msys64/mingw64/bin/g++.exe 
Build flags: 
Id flags: --c++ 

The output was:
255
<3>init: (3017) ERROR: UtilConnectUnix:467: connect failed 111


Compiling the CXX compiler identification source file "CMakeCXXCompilerId.cpp" failed.
Compiler: /mnt/c/msys64/mingw64/bin/g++.exe 
Build flags: 
Id flags: --ec++ 

The output was:
255
<3>init: (3018) ERROR: UtilConnectUnix:467: connect failed 111


Compiling the CXX compiler identification source file "CMakeCXXCompilerId.cpp" failed.
Compiler: /mnt/c/msys64/mingw64/bin/g++.exe 
Build flags: 
Id flags: --target=arm-arm-none-eabi;-mcpu=cortex-m3 

The output was:
255
<3>init: (3019) ERROR: UtilConnectUnix:467: connect failed 111


Compiling the CXX compiler identification source file "CMakeCXXCompilerId.cpp" failed.
Compiler: /mnt/c/msys64/mingw64/bin/g++.exe 
Build flags: 
Id flags: -c;-I__does_not_exist__ 

The output was:
255
<3>init: (3020) ERROR: UtilConnectUnix:467: connect failed 111


Compiling the CXX compiler identification source file "CMakeCXXCompilerId.cpp" failed.
Compiler: /mnt/c/msys64/mingw64/bin/g++.exe 
Build flags: 
Id flags:  

The output was:
255
<3>init: (3021) ERROR: UtilConnectUnix:467: connect failed 111


Compiling the CXX compiler identification source file "CMakeCXXCompilerId.cpp" failed.
Compiler: /mnt/c/msys64/mingw64/bin/g++.exe 
Build flags: 
Id flags: -c 

The output was:
255
<3>init: (3022) ERROR: UtilConnectUnix:467: connect failed 111


Compiling the CXX compiler identification source file "CMakeCXXCompilerId.cpp" failed.
Compiler: /mnt/c/msys64/mingw64/bin/g++.exe 
Build flags: 
Id flags: --c++ 

The output was:
255
<3>init: (3023) ERROR: UtilConnectUnix:467: connect failed 111


Compiling the CXX compiler identification source file "CMakeCXXCompilerId.cpp" failed.
Compiler: /mnt/c/msys64/mingw64/bin/g++.exe 
Build flags: 
Id flags: --ec++ 

The output was:
255
<3>init: (3024) ERROR: UtilConnectUnix:467: connect failed 111


Compiling the CXX compiler identification source file "CMakeCXXCompilerId.cpp" failed.
Compiler: /mnt/c/msys64/mingw64/bin/g++.exe 
Build flags: 
Id flags: --target=arm-arm-none-eabi;-mcpu=cortex-m3 

The output was:
255
<3>init: (3025) ERROR: UtilConnectUnix:467: connect failed 111


Compiling the CXX compiler identification source file "CMakeCXXCompilerId.cpp" failed.
Compiler: /mnt/c/msys64/mingw64/bin/g++.exe 
Build flags: 
Id flags: -c;-I__does_not_exist__ 

The output was:
255
<3>init: (3026) ERROR: UtilConnectUnix:467: connect failed 111


Checking whether the CXX compiler is IAR using "" did not match "IAR .+ Compiler":
<3>init: (3027) ERROR: UtilConnectUnix:467: connect failed 111
Checking whether the CXX compiler is IAR using "" did not match "IAR .+ Compiler":
<3>init: (3028) ERROR: UtilConnectUnix:467: connect failed 111
Detecting C compiler ABI info failed to compile with the following output:
Change Dir: /home/roboff/COS214/COS214_War_Project/Project/COS214_WarProject/build/CMakeFiles/CMakeTmp

Run Build Command(s):/usr/bin/make -f Makefile cmTC_1abf5/fast && /usr/bin/make  -f CMakeFiles/cmTC_1abf5.dir/build.make CMakeFiles/cmTC_1abf5.dir/build
make[1]: Entering directory '/home/roboff/COS214/COS214_War_Project/Project/COS214_WarProject/build/CMakeFiles/CMakeTmp'
Building C object CMakeFiles/cmTC_1abf5.dir/CMakeCCompilerABI.c.o
/mnt/c/msys64/mingw64/bin/gcc.exe    -o CMakeFiles/cmTC_1abf5.dir/CMakeCCompilerABI.c.o -c /usr/share/cmake-3.24/Modules/CMakeCCompilerABI.c
<3>init: (3034) ERROR: UtilConnectUnix:467: connect failed 111
make[1]: *** [CMakeFiles/cmTC_1abf5.dir/build.make:78: CMakeFiles/cmTC_1abf5.dir/CMakeCCompilerABI.c.o] Error 255
make[1]: Leaving directory '/home/roboff/COS214/COS214_War_Project/Project/COS214_WarProject/build/CMakeFiles/CMakeTmp'
make: *** [Makefile:127: cmTC_1abf5/fast] Error 2




Determining if the C compiler works failed with the following output:
Change Dir: /home/roboff/COS214/COS214_War_Project/Project/COS214_WarProject/build/CMakeFiles/CMakeTmp

Run Build Command(s):/usr/bin/make -f Makefile cmTC_f93e5/fast && /usr/bin/make  -f CMakeFiles/cmTC_f93e5.dir/build.make CMakeFiles/cmTC_f93e5.dir/build
make[1]: Entering directory '/home/roboff/COS214/COS214_War_Project/Project/COS214_WarProject/build/CMakeFiles/CMakeTmp'
Building C object CMakeFiles/cmTC_f93e5.dir/testCCompiler.c.o
/mnt/c/msys64/mingw64/bin/gcc.exe    -o CMakeFiles/cmTC_f93e5.dir/testCCompiler.c.o -c /home/roboff/COS214/COS214_War_Project/Project/COS214_WarProject/build/CMakeFiles/CMakeTmp/testCCompiler.c
<3>init: (3040) ERROR: UtilConnectUnix:467: connect failed 111
make[1]: *** [CMakeFiles/cmTC_f93e5.dir/build.make:78: CMakeFiles/cmTC_f93e5.dir/testCCompiler.c.o] Error 255
make[1]: Leaving directory '/home/roboff/COS214/COS214_War_Project/Project/COS214_WarProject/build/CMakeFiles/CMakeTmp'
make: *** [Makefile:127: cmTC_f93e5/fast] Error 2



